<?xml version="1.0" encoding="UTF-8"?>
<!-- Generated by org.testng.reporters.JUnitReportReporter -->
<testsuite skipped="0" hostname="sheereesh-PC" name="execution.TestCase1" tests="1" failures="0" timestamp="2022-02-20T20:54:06 IST" time="12.264" errors="0">
  <testcase name="testCase1" time="12.264" classname="execution.TestCase1"/>
  <system-out/>
</testsuite> <!-- execution.TestCase1 -->
